0 info it worked if it ends with ok
1 verbose cli [ 'C:\\Program Files\\nodejs\\node.exe',
1 verbose cli   'C:\\Program Files\\nodejs\\node_modules\\npm\\bin\\npm-cli.js',
1 verbose cli   'run',
1 verbose cli   'start-dev' ]
2 info using npm@3.10.10
3 info using node@v6.9.4
4 verbose run-script [ 'prestart-dev', 'start-dev', 'poststart-dev' ]
5 info lifecycle personalwebsite@1.0.0~prestart-dev: personalwebsite@1.0.0
6 silly lifecycle personalwebsite@1.0.0~prestart-dev: no script for prestart-dev, continuing
7 info lifecycle personalwebsite@1.0.0~start-dev: personalwebsite@1.0.0
8 verbose lifecycle personalwebsite@1.0.0~start-dev: unsafe-perm in lifecycle true
9 verbose lifecycle personalwebsite@1.0.0~start-dev: PATH: C:\Program Files\nodejs\node_modules\npm\bin\node-gyp-bin;C:\Users\Justin\Documents\GitHub\PersonalWebsite\node_modules\.bin;C:\Users\Justin\AppData\Roaming\npm;C:\Program Files\nodejs\;C:\ProgramData\Oracle\Java\javapath;C:\Program Files (x86)\NVIDIA Corporation\PhysX\Common;C:\Program Files\Java\jdk1.8.0\bin;C:\PROGRA~1\TIEDUC~1\TI-83P~1\UTILS;C:\Program Files (x86)\GtkSharp\2.12\bin;C:\Program Files (x86)\Yarn\bin;C:\Program Files\nodejs\;C:\Program Files (x86)\Skype\Phone\;C:\Users\Justin\AppData\Local\Yarn\.bin;C:\Users\Justin\AppData\Roaming\npm
10 verbose lifecycle personalwebsite@1.0.0~start-dev: CWD: C:\Users\Justin\Documents\GitHub\PersonalWebsite
11 silly lifecycle personalwebsite@1.0.0~start-dev: Args: [ '/d /s /c', 'npm run start-dev-hmr' ]
12 silly lifecycle personalwebsite@1.0.0~start-dev: Returned: code: 3221225786  signal: null
13 info lifecycle personalwebsite@1.0.0~start-dev: Failed to exec start-dev script
14 verbose stack Error: personalwebsite@1.0.0 start-dev: `npm run start-dev-hmr`
14 verbose stack Exit status 3221225786
14 verbose stack     at EventEmitter.<anonymous> (C:\Program Files\nodejs\node_modules\npm\lib\utils\lifecycle.js:255:16)
14 verbose stack     at emitTwo (events.js:106:13)
14 verbose stack     at EventEmitter.emit (events.js:191:7)
14 verbose stack     at ChildProcess.<anonymous> (C:\Program Files\nodejs\node_modules\npm\lib\utils\spawn.js:40:14)
14 verbose stack     at emitTwo (events.js:106:13)
14 verbose stack     at ChildProcess.emit (events.js:191:7)
14 verbose stack     at maybeClose (internal/child_process.js:877:16)
14 verbose stack     at Process.ChildProcess._handle.onexit (internal/child_process.js:226:5)
15 verbose pkgid personalwebsite@1.0.0
16 verbose cwd C:\Users\Justin\Documents\GitHub\PersonalWebsite
17 error Windows_NT 6.1.7601
18 error argv "C:\\Program Files\\nodejs\\node.exe" "C:\\Program Files\\nodejs\\node_modules\\npm\\bin\\npm-cli.js" "run" "start-dev"
19 error node v6.9.4
20 error npm  v3.10.10
21 error code ELIFECYCLE
22 error personalwebsite@1.0.0 start-dev: `npm run start-dev-hmr`
22 error Exit status 3221225786
23 error Failed at the personalwebsite@1.0.0 start-dev script 'npm run start-dev-hmr'.
23 error Make sure you have the latest version of node.js and npm installed.
23 error If you do, this is most likely a problem with the personalwebsite package,
23 error not with npm itself.
23 error Tell the author that this fails on your system:
23 error     npm run start-dev-hmr
23 error You can get information on how to open an issue for this project with:
23 error     npm bugs personalwebsite
23 error Or if that isn't available, you can get their info via:
23 error     npm owner ls personalwebsite
23 error There is likely additional logging output above.
24 verbose exit [ 1, true ]
